d:\visual studio code\goku_project\goku_project\debug\vc141.pdb
d:\visual studio code\goku_project\goku_project\debug\vc141.idb
d:\visual studio code\goku_project\goku_project\debug\mainobject.obj
d:\visual studio code\goku_project\goku_project\debug\commonfunction.obj
d:\visual studio code\goku_project\goku_project\debug\bullletobject.obj
d:\visual studio code\goku_project\goku_project\debug\baseobject.obj
d:\visual studio code\goku_project\goku_project\debug\threatsobject.obj
d:\visual studio code\goku_project\goku_project\debug\indexgoku.obj
d:\visual studio code\goku_project\goku_project\debug\explosion.obj
d:\visual studio code\goku_project\goku_project\debug\dragon.obj
d:\visual studio code\goku_project\goku_project\debug\main.obj
d:\visual studio code\goku_project\debug\goku_project.exe
d:\visual studio code\goku_project\debug\goku_project.ilk
d:\visual studio code\goku_project\debug\goku_project.pdb
d:\visual studio code\goku_project\goku_project\debug\goku_project.tlog\cl.command.1.tlog
d:\visual studio code\goku_project\goku_project\debug\goku_project.tlog\cl.read.1.tlog
d:\visual studio code\goku_project\goku_project\debug\goku_project.tlog\cl.write.1.tlog
d:\visual studio code\goku_project\goku_project\debug\goku_project.tlog\link.command.1.tlog
d:\visual studio code\goku_project\goku_project\debug\goku_project.tlog\link.read.1.tlog
d:\visual studio code\goku_project\goku_project\debug\goku_project.tlog\link.write.1.tlog
